This file contains any messages produced by compilers while
running configure, to aid debugging if configure makes a mistake.

It was created by rtems-c configure 4.11.99.0, which was
generated by GNU Autoconf 2.69.  Invocation command line was

  $ ../../../apps/rtems/c/configure --prefix=/opt/rtems-4.12 --host=riscv32-rtems4.11 --build=x86_64-unknown-linux-gnu --target=riscv32-rtems4.11 --disable-posix --disable-networking --disable-itron --enable-rtemsbsp=riscv_spike --with-target-subdir=riscv32-rtems4.11 --exec-prefix=/opt/rtems-4.12/riscv32-rtems4.11 --includedir=/opt/rtems-4.12/riscv32-rtems4.11/include --cache-file=/dev/null --srcdir=../../../apps/rtems/c

## --------- ##
## Platform. ##
## --------- ##

hostname = hesham-laptop
uname -m = x86_64
uname -r = 3.16.0-38-generic
uname -s = Linux
uname -v = #52~14.04.1-Ubuntu SMP Fri May 8 09:43:57 UTC 2015

/usr/bin/uname -p = unknown
/bin/uname -X     = unknown

/bin/arch              = unknown
/usr/bin/arch -k       = unknown
/usr/convex/getsysinfo = unknown
/usr/bin/hostinfo      = unknown
/bin/machine           = unknown
/usr/bin/oslevel       = unknown
/bin/universe          = unknown

PATH: /home/hesham/install/bin/
PATH: /opt/or1k-elf/bin/
PATH: /opt/riscv/bin
PATH: /home/hesham/development/rtems/bin
PATH: /home/hesham/development/rtems/4.11/bin/
PATH: /opt/Xilinx/DocNav
PATH: /opt/Xilinx/Vivado_HLS/2014.4/bin
PATH: /opt/Xilinx/Vivado/2014.4/bin
PATH: /opt/Xilinx/14.7/ISE_DS/ISE/bin/lin64
PATH: /opt/Xilinx/14.7/ISE_DS/ISE/sysgen/util
PATH: /opt/Xilinx/14.7/ISE_DS/ISE/sysgen/bin
PATH: /opt/Xilinx/14.7/ISE_DS/ISE/../../../DocNav
PATH: /opt/Xilinx/14.7/ISE_DS/PlanAhead/bin
PATH: /opt/Xilinx/14.7/ISE_DS/EDK/bin/lin64
PATH: /opt/Xilinx/14.7/ISE_DS/EDK/gnu/microblaze/lin/bin
PATH: /opt/Xilinx/14.7/ISE_DS/EDK/gnu/powerpc-eabi/lin/bin
PATH: /opt/Xilinx/14.7/ISE_DS/EDK/gnu/arm/lin/bin
PATH: /opt/Xilinx/14.7/ISE_DS/EDK/gnu/microblaze/linux_toolchain/lin64_be/bin
PATH: /opt/Xilinx/14.7/ISE_DS/EDK/gnu/microblaze/linux_toolchain/lin64_le/bin
PATH: /opt/Xilinx/14.7/ISE_DS/common/bin/lin64
PATH: /home/hesham/bin
PATH: /usr/local/sbin
PATH: /usr/local/bin
PATH: /usr/sbin
PATH: /usr/bin
PATH: /sbin
PATH: /bin
PATH: /usr/games
PATH: /usr/local/games
PATH: /home/hesham/.local/opt/imgtec/Toolchains/mips-mti-elf/2015.01-7/bin
PATH: /home/hesham/.local/opt/imgtec/Simulators/qemu/2.2.0.2.1/bin
PATH: /home/hesham/.local/opt/imgtec/Toolchains/mips-mti-linux-gnu/2015.01-7/bin


## ----------- ##
## Core tests. ##
## ----------- ##

configure:1777: checking for gmake
configure:1807: result: no
configure:1777: checking for make
configure:1793: found /usr/bin/make
configure:1804: result: make
configure:1829: checking for RTEMS Version
configure:1831: result: 4.11.99.0
configure:1841: checking build system type
configure:1855: result: x86_64-unknown-linux-gnu
configure:1875: checking host system type
configure:1888: result: riscv32-unknown-rtems4.11
configure:1908: checking target system type
configure:1921: result: riscv32-unknown-rtems4.11
configure:1949: checking rtems target cpu
configure:1960: result: riscv32
configure:1980: checking for a BSD-compatible install
configure:2048: result: /usr/bin/install -c
configure:2059: checking whether build environment is sane
configure:2114: result: yes
configure:2173: checking for riscv32-rtems4.11-strip
configure:2189: found /home/hesham/install/bin//riscv32-rtems4.11-strip
configure:2200: result: riscv32-rtems4.11-strip
configure:2265: checking for a thread-safe mkdir -p
configure:2304: result: /bin/mkdir -p
configure:2311: checking for gawk
configure:2327: found /usr/bin/gawk
configure:2338: result: gawk
configure:2349: checking whether make sets $(MAKE)
configure:2371: result: yes
configure:2449: checking whether to enable maintainer-specific portions of Makefiles
configure:2458: result: no
configure:2784: checking that generated files are newer than configure
configure:2790: result: done
configure:2802: creating ./config.status

## ---------------------- ##
## Running config.status. ##
## ---------------------- ##

This file was extended by rtems-c config.status 4.11.99.0, which was
generated by GNU Autoconf 2.69.  Invocation command line was

  CONFIG_FILES    = 
  CONFIG_HEADERS  = 
  CONFIG_LINKS    = 
  CONFIG_COMMANDS = 
  $ ./config.status 

on hesham-laptop

config.status:769: creating Makefile

## ---------------- ##
## Cache variables. ##
## ---------------- ##

ac_cv_build=x86_64-unknown-linux-gnu
ac_cv_env_build_alias_set=set
ac_cv_env_build_alias_value=x86_64-unknown-linux-gnu
ac_cv_env_host_alias_set=set
ac_cv_env_host_alias_value=riscv32-rtems4.11
ac_cv_env_target_alias_set=set
ac_cv_env_target_alias_value=riscv32-rtems4.11
ac_cv_host=riscv32-unknown-rtems4.11
ac_cv_path_install='/usr/bin/install -c'
ac_cv_path_mkdir=/bin/mkdir
ac_cv_prog_AWK=gawk
ac_cv_prog_MAKE=make
ac_cv_prog_STRIP=riscv32-rtems4.11-strip
ac_cv_prog_make_make_set=yes
ac_cv_target=riscv32-unknown-rtems4.11

## ----------------- ##
## Output variables. ##
## ----------------- ##

ACLOCAL='${SHELL} /home/hesham/Projects/seL4/seL4riscv-multikernel/apps/rtems/missing --run aclocal-1.12'
AMTAR='$${TAR-tar}'
AUTOCONF='${SHELL} /home/hesham/Projects/seL4/seL4riscv-multikernel/apps/rtems/missing --run autoconf'
AUTOHEADER='${SHELL} /home/hesham/Projects/seL4/seL4riscv-multikernel/apps/rtems/missing --run autoheader'
AUTOMAKE='${SHELL} /home/hesham/Projects/seL4/seL4riscv-multikernel/apps/rtems/missing --run automake-1.12'
AWK='gawk'
CYGPATH_W='echo'
DEFS='-DPACKAGE_NAME=\"rtems-c\" -DPACKAGE_TARNAME=\"rtems-c\" -DPACKAGE_VERSION=\"4.11.99.0\" -DPACKAGE_STRING=\"rtems-c\ 4.11.99.0\" -DPACKAGE_BUGREPORT=\"https://devel.rtems.org/newticket\" -DPACKAGE_URL=\"\"'
ECHO_C=''
ECHO_N='-n'
ECHO_T=''
INSTALL_DATA='${INSTALL} -m 644'
INSTALL_PROGRAM='${INSTALL}'
INSTALL_SCRIPT='${INSTALL}'
INSTALL_STRIP_PROGRAM='$(install_sh) -c -s'
LIBOBJS=''
LIBS=''
LTLIBOBJS=''
MAINT='#'
MAINTAINER_MODE_FALSE=''
MAINTAINER_MODE_TRUE='#'
MAKE='make'
MAKEINFO='${SHELL} /home/hesham/Projects/seL4/seL4riscv-multikernel/apps/rtems/missing --run makeinfo'
MKDIR_P='/bin/mkdir -p'
PACKAGE='rtems-c'
PACKAGE_BUGREPORT='https://devel.rtems.org/newticket'
PACKAGE_NAME='rtems-c'
PACKAGE_STRING='rtems-c 4.11.99.0'
PACKAGE_TARNAME='rtems-c'
PACKAGE_URL=''
PACKAGE_VERSION='4.11.99.0'
PATH_SEPARATOR=':'
PROJECT_ROOT='../$(top_builddir)'
PROJECT_TOPdir='../../$(top_builddir)'
RTEMS_BSP_LIST=' riscv_spike'
RTEMS_CPU='riscv32'
RTEMS_TOPdir='..'
SET_MAKE=''
SHELL='/bin/bash'
STRIP='riscv32-rtems4.11-strip'
VERSION='4.11.99.0'
am__isrc=' -I$(srcdir)'
am__leading_dot='.'
am__tar='$${TAR-tar} chof - "$$tardir"'
am__untar='$${TAR-tar} xf -'
bindir='${exec_prefix}/bin'
build='x86_64-unknown-linux-gnu'
build_alias='x86_64-unknown-linux-gnu'
build_cpu='x86_64'
build_os='linux-gnu'
build_vendor='unknown'
datadir='${datarootdir}'
datarootdir='${prefix}/share'
docdir='${datarootdir}/doc/${PACKAGE_TARNAME}'
dvidir='${docdir}'
exec_prefix='/opt/rtems-4.12/riscv32-rtems4.11'
host='riscv32-unknown-rtems4.11'
host_alias='riscv32-rtems4.11'
host_cpu='riscv32'
host_os='rtems4.11'
host_vendor='unknown'
htmldir='${docdir}'
includedir='/opt/rtems-4.12/riscv32-rtems4.11/include'
infodir='${datarootdir}/info'
install_sh='${SHELL} /home/hesham/Projects/seL4/seL4riscv-multikernel/apps/rtems/install-sh'
libdir='${exec_prefix}/lib'
libexecdir='${exec_prefix}/libexec'
localedir='${datarootdir}/locale'
localstatedir='${prefix}/var'
mandir='${datarootdir}/man'
mkdir_p='$(MKDIR_P)'
oldincludedir='/usr/include'
pdfdir='${docdir}'
pkgdatadir='${datarootdir}/rtems4.12'
prefix='/opt/rtems-4.12'
program_transform_name='s&^&riscv32-rtems4.11-&'
psdir='${docdir}'
rtems_bsp_configure='../../../../apps/rtems/c/src/configure  '\''--prefix=/opt/rtems-4.12'\'' '\''--host=riscv32-rtems4.11'\'' '\''--build=x86_64-unknown-linux-gnu'\'' '\''--target=riscv32-rtems4.11'\'' '\''--disable-posix'\'' '\''--disable-networking'\'' '\''--disable-itron'\'' '\''--with-target-subdir=riscv32-rtems4.11'\'' '\''--exec-prefix=/opt/rtems-4.12/riscv32-rtems4.11'\'' '\''--includedir=/opt/rtems-4.12/riscv32-rtems4.11/include'\'' '\''build_alias=x86_64-unknown-linux-gnu'\'' '\''host_alias=riscv32-rtems4.11'\'' '\''target_alias=riscv32-rtems4.11'\'' '\''--with-project-root=../../'\'' '\''--with-project-top=../../'\'''
sbindir='${exec_prefix}/sbin'
sharedstatedir='${prefix}/com'
sysconfdir='${prefix}/etc'
target='riscv32-unknown-rtems4.11'
target_alias='riscv32-rtems4.11'
target_cpu='riscv32'
target_os='rtems4.11'
target_vendor='unknown'

## ----------- ##
## confdefs.h. ##
## ----------- ##

/* confdefs.h */
#define PACKAGE_NAME "rtems-c"
#define PACKAGE_TARNAME "rtems-c"
#define PACKAGE_VERSION "4.11.99.0"
#define PACKAGE_STRING "rtems-c 4.11.99.0"
#define PACKAGE_BUGREPORT "https://devel.rtems.org/newticket"
#define PACKAGE_URL ""

configure: exit 0
