This file contains any messages produced by compilers while
running configure, to aid debugging if configure makes a mistake.

It was created by rtems-tools-build configure 4.11.99.0, which was
generated by GNU Autoconf 2.69.  Invocation command line was

  $ ../../../apps/rtems/tools/build/configure --prefix=/opt/rtems-4.12 --host=x86_64-unknown-linux-gnu --build=x86_64-unknown-linux-gnu --disable-posix --disable-networking --disable-itron --enable-rtemsbsp=riscv_spike --target=riscv32-rtems4.11 --cache-file=/dev/null --srcdir=../../../apps/rtems/tools/build

## --------- ##
## Platform. ##
## --------- ##

hostname = hesham-laptop
uname -m = x86_64
uname -r = 3.16.0-38-generic
uname -s = Linux
uname -v = #52~14.04.1-Ubuntu SMP Fri May 8 09:43:57 UTC 2015

/usr/bin/uname -p = unknown
/bin/uname -X     = unknown

/bin/arch              = unknown
/usr/bin/arch -k       = unknown
/usr/convex/getsysinfo = unknown
/usr/bin/hostinfo      = unknown
/bin/machine           = unknown
/usr/bin/oslevel       = unknown
/bin/universe          = unknown

PATH: /home/hesham/install/bin/
PATH: /opt/or1k-elf/bin/
PATH: /opt/riscv/bin
PATH: /home/hesham/development/rtems/bin
PATH: /home/hesham/development/rtems/4.11/bin/
PATH: /opt/Xilinx/DocNav
PATH: /opt/Xilinx/Vivado_HLS/2014.4/bin
PATH: /opt/Xilinx/Vivado/2014.4/bin
PATH: /opt/Xilinx/14.7/ISE_DS/ISE/bin/lin64
PATH: /opt/Xilinx/14.7/ISE_DS/ISE/sysgen/util
PATH: /opt/Xilinx/14.7/ISE_DS/ISE/sysgen/bin
PATH: /opt/Xilinx/14.7/ISE_DS/ISE/../../../DocNav
PATH: /opt/Xilinx/14.7/ISE_DS/PlanAhead/bin
PATH: /opt/Xilinx/14.7/ISE_DS/EDK/bin/lin64
PATH: /opt/Xilinx/14.7/ISE_DS/EDK/gnu/microblaze/lin/bin
PATH: /opt/Xilinx/14.7/ISE_DS/EDK/gnu/powerpc-eabi/lin/bin
PATH: /opt/Xilinx/14.7/ISE_DS/EDK/gnu/arm/lin/bin
PATH: /opt/Xilinx/14.7/ISE_DS/EDK/gnu/microblaze/linux_toolchain/lin64_be/bin
PATH: /opt/Xilinx/14.7/ISE_DS/EDK/gnu/microblaze/linux_toolchain/lin64_le/bin
PATH: /opt/Xilinx/14.7/ISE_DS/common/bin/lin64
PATH: /home/hesham/bin
PATH: /usr/local/sbin
PATH: /usr/local/bin
PATH: /usr/sbin
PATH: /usr/bin
PATH: /sbin
PATH: /bin
PATH: /usr/games
PATH: /usr/local/games
PATH: /home/hesham/.local/opt/imgtec/Toolchains/mips-mti-elf/2015.01-7/bin
PATH: /home/hesham/.local/opt/imgtec/Simulators/qemu/2.2.0.2.1/bin
PATH: /home/hesham/.local/opt/imgtec/Toolchains/mips-mti-linux-gnu/2015.01-7/bin


## ----------- ##
## Core tests. ##
## ----------- ##

configure:2203: checking for gmake
configure:2233: result: no
configure:2203: checking for make
configure:2219: found /usr/bin/make
configure:2230: result: make
configure:2255: checking for RTEMS Version
configure:2257: result: 4.11.99.0
configure:2267: checking build system type
configure:2281: result: x86_64-unknown-linux-gnu
configure:2301: checking host system type
configure:2314: result: x86_64-unknown-linux-gnu
configure:2351: checking for a BSD-compatible install
configure:2419: result: /usr/bin/install -c
configure:2430: checking whether build environment is sane
configure:2485: result: yes
configure:2636: checking for a thread-safe mkdir -p
configure:2675: result: /bin/mkdir -p
configure:2682: checking for gawk
configure:2698: found /usr/bin/gawk
configure:2709: result: gawk
configure:2720: checking whether make sets $(MAKE)
configure:2742: result: yes
configure:2820: checking whether to enable maintainer-specific portions of Makefiles
configure:2829: result: no
configure:2851: checking for x86_64-unknown-linux-gnu-gcc
configure:2881: result: no
configure:2891: checking for gcc
configure:2907: found /usr/bin/gcc
configure:2918: result: gcc
configure:3147: checking for C compiler version
configure:3156: gcc --version >&5
gcc (Ubuntu 4.8.4-2ubuntu1~14.04) 4.8.4
Copyright (C) 2013 Free Software Foundation, Inc.
This is free software; see the source for copying conditions.  There is NO
warranty; not even for MERCHANTABILITY or FITNESS FOR A PARTICULAR PURPOSE.

configure:3167: $? = 0
configure:3156: gcc -v >&5
Using built-in specs.
COLLECT_GCC=gcc
COLLECT_LTO_WRAPPER=/usr/lib/gcc/x86_64-linux-gnu/4.8/lto-wrapper
Target: x86_64-linux-gnu
Configured with: ../src/configure -v --with-pkgversion='Ubuntu 4.8.4-2ubuntu1~14.04' --with-bugurl=file:///usr/share/doc/gcc-4.8/README.Bugs --enable-languages=c,c++,java,go,d,fortran,objc,obj-c++ --prefix=/usr --program-suffix=-4.8 --enable-shared --enable-linker-build-id --libexecdir=/usr/lib --without-included-gettext --enable-threads=posix --with-gxx-include-dir=/usr/include/c++/4.8 --libdir=/usr/lib --enable-nls --with-sysroot=/ --enable-clocale=gnu --enable-libstdcxx-debug --enable-libstdcxx-time=yes --enable-gnu-unique-object --disable-libmudflap --enable-plugin --with-system-zlib --disable-browser-plugin --enable-java-awt=gtk --enable-gtk-cairo --with-java-home=/usr/lib/jvm/java-1.5.0-gcj-4.8-amd64/jre --enable-java-home --with-jvm-root-dir=/usr/lib/jvm/java-1.5.0-gcj-4.8-amd64 --with-jvm-jar-dir=/usr/lib/jvm-exports/java-1.5.0-gcj-4.8-amd64 --with-arch-directory=amd64 --with-ecj-jar=/usr/share/java/eclipse-ecj.jar --enable-objc-gc --enable-multiarch --disable-werror --with-arch-32=i686 --with-abi=m64 --with-multilib-list=m32,m64,mx32 --with-tune=generic --enable-checking=release --build=x86_64-linux-gnu --host=x86_64-linux-gnu --target=x86_64-linux-gnu
Thread model: posix
gcc version 4.8.4 (Ubuntu 4.8.4-2ubuntu1~14.04) 
configure:3167: $? = 0
configure:3156: gcc -V >&5
gcc: error: unrecognized command line option '-V'
gcc: fatal error: no input files
compilation terminated.
configure:3167: $? = 4
configure:3156: gcc -qversion >&5
gcc: error: unrecognized command line option '-qversion'
gcc: fatal error: no input files
compilation terminated.
configure:3167: $? = 4
configure:3187: checking whether the C compiler works
configure:3209: gcc    conftest.c  >&5
configure:3213: $? = 0
configure:3261: result: yes
configure:3264: checking for C compiler default output file name
configure:3266: result: a.out
configure:3272: checking for suffix of executables
configure:3279: gcc -o conftest    conftest.c  >&5
configure:3283: $? = 0
configure:3305: result: 
configure:3327: checking whether we are cross compiling
configure:3335: gcc -o conftest    conftest.c  >&5
configure:3339: $? = 0
configure:3346: ./conftest
configure:3350: $? = 0
configure:3365: result: no
configure:3370: checking for suffix of object files
configure:3392: gcc -c   conftest.c >&5
configure:3396: $? = 0
configure:3417: result: o
configure:3421: checking whether we are using the GNU C compiler
configure:3440: gcc -c   conftest.c >&5
configure:3440: $? = 0
configure:3449: result: yes
configure:3458: checking whether gcc accepts -g
configure:3478: gcc -c -g  conftest.c >&5
configure:3478: $? = 0
configure:3519: result: yes
configure:3536: checking for gcc option to accept ISO C89
configure:3599: gcc  -c -g -O2  conftest.c >&5
configure:3599: $? = 0
configure:3612: result: none needed
configure:3643: checking for style of include used by make
configure:3671: result: GNU
configure:3697: checking dependency style of gcc
configure:3808: result: gcc3
configure:3829: checking how to run the C preprocessor
configure:3860: gcc -E  conftest.c
configure:3860: $? = 0
configure:3874: gcc -E  conftest.c
conftest.c:9:28: fatal error: ac_nonexistent.h: No such file or directory
 #include <ac_nonexistent.h>
                            ^
compilation terminated.
configure:3874: $? = 1
configure: failed program was:
| /* confdefs.h */
| #define PACKAGE_NAME "rtems-tools-build"
| #define PACKAGE_TARNAME "rtems-tools-build"
| #define PACKAGE_VERSION "4.11.99.0"
| #define PACKAGE_STRING "rtems-tools-build 4.11.99.0"
| #define PACKAGE_BUGREPORT "https://devel.rtems.org/newticket"
| #define PACKAGE_URL ""
| /* end confdefs.h.  */
| #include <ac_nonexistent.h>
configure:3899: result: gcc -E
configure:3919: gcc -E  conftest.c
configure:3919: $? = 0
configure:3933: gcc -E  conftest.c
conftest.c:9:28: fatal error: ac_nonexistent.h: No such file or directory
 #include <ac_nonexistent.h>
                            ^
compilation terminated.
configure:3933: $? = 1
configure: failed program was:
| /* confdefs.h */
| #define PACKAGE_NAME "rtems-tools-build"
| #define PACKAGE_TARNAME "rtems-tools-build"
| #define PACKAGE_VERSION "4.11.99.0"
| #define PACKAGE_STRING "rtems-tools-build 4.11.99.0"
| #define PACKAGE_BUGREPORT "https://devel.rtems.org/newticket"
| #define PACKAGE_URL ""
| /* end confdefs.h.  */
| #include <ac_nonexistent.h>
configure:3962: checking for grep that handles long lines and -e
configure:4020: result: /bin/grep
configure:4025: checking for egrep
configure:4087: result: /bin/grep -E
configure:4092: checking for ANSI C header files
configure:4112: gcc -c -g -O2  conftest.c >&5
configure:4112: $? = 0
configure:4185: gcc -o conftest -g -O2   conftest.c  >&5
configure:4185: $? = 0
configure:4185: ./conftest
configure:4185: $? = 0
configure:4196: result: yes
configure:4209: checking for sys/types.h
configure:4209: gcc -c -g -O2  conftest.c >&5
configure:4209: $? = 0
configure:4209: result: yes
configure:4209: checking for sys/stat.h
configure:4209: gcc -c -g -O2  conftest.c >&5
configure:4209: $? = 0
configure:4209: result: yes
configure:4209: checking for stdlib.h
configure:4209: gcc -c -g -O2  conftest.c >&5
configure:4209: $? = 0
configure:4209: result: yes
configure:4209: checking for string.h
configure:4209: gcc -c -g -O2  conftest.c >&5
configure:4209: $? = 0
configure:4209: result: yes
configure:4209: checking for memory.h
configure:4209: gcc -c -g -O2  conftest.c >&5
configure:4209: $? = 0
configure:4209: result: yes
configure:4209: checking for strings.h
configure:4209: gcc -c -g -O2  conftest.c >&5
configure:4209: $? = 0
configure:4209: result: yes
configure:4209: checking for inttypes.h
configure:4209: gcc -c -g -O2  conftest.c >&5
configure:4209: $? = 0
configure:4209: result: yes
configure:4209: checking for stdint.h
configure:4209: gcc -c -g -O2  conftest.c >&5
configure:4209: $? = 0
configure:4209: result: yes
configure:4209: checking for unistd.h
configure:4209: gcc -c -g -O2  conftest.c >&5
configure:4209: $? = 0
configure:4209: result: yes
configure:4224: checking getopt.h usability
configure:4224: gcc -c -g -O2  conftest.c >&5
configure:4224: $? = 0
configure:4224: result: yes
configure:4224: checking getopt.h presence
configure:4224: gcc -E  conftest.c
configure:4224: $? = 0
configure:4224: result: yes
configure:4224: checking for getopt.h
configure:4224: result: yes
configure:4224: checking libgen.h usability
configure:4224: gcc -c -g -O2  conftest.c >&5
configure:4224: $? = 0
configure:4224: result: yes
configure:4224: checking libgen.h presence
configure:4224: gcc -E  conftest.c
configure:4224: $? = 0
configure:4224: result: yes
configure:4224: checking for libgen.h
configure:4224: result: yes
configure:4237: checking for strerror
configure:4237: gcc -o conftest -g -O2   conftest.c  >&5
configure:4237: $? = 0
configure:4237: result: yes
configure:4237: checking for strtol
configure:4237: gcc -o conftest -g -O2   conftest.c  >&5
configure:4237: $? = 0
configure:4237: result: yes
configure:4237: checking for basename
configure:4237: gcc -o conftest -g -O2   conftest.c  >&5
configure:4237: $? = 0
configure:4237: result: yes
configure:4237: checking for strnlen
configure:4237: gcc -o conftest -g -O2   conftest.c  >&5
configure:4237: $? = 0
configure:4237: result: yes
configure:4252: checking for bash
configure:4270: found /bin/bash
configure:4282: result: /bin/bash
configure:4417: checking that generated files are newer than configure
configure:4423: result: done
configure:4450: creating ./config.status

## ---------------------- ##
## Running config.status. ##
## ---------------------- ##

This file was extended by rtems-tools-build config.status 4.11.99.0, which was
generated by GNU Autoconf 2.69.  Invocation command line was

  CONFIG_FILES    = 
  CONFIG_HEADERS  = 
  CONFIG_LINKS    = 
  CONFIG_COMMANDS = 
  $ ./config.status 

on hesham-laptop

config.status:870: creating Makefile
config.status:870: creating install-if-change
config.status:870: creating config.h
config.status:1084: executing depfiles commands

## ---------------- ##
## Cache variables. ##
## ---------------- ##

ac_cv_build=x86_64-unknown-linux-gnu
ac_cv_c_compiler_gnu=yes
ac_cv_env_CC_set=
ac_cv_env_CC_value=
ac_cv_env_CFLAGS_set=
ac_cv_env_CFLAGS_value=
ac_cv_env_CPPFLAGS_set=
ac_cv_env_CPPFLAGS_value=
ac_cv_env_CPP_set=
ac_cv_env_CPP_value=
ac_cv_env_LDFLAGS_set=
ac_cv_env_LDFLAGS_value=
ac_cv_env_LIBS_set=
ac_cv_env_LIBS_value=
ac_cv_env_build_alias_set=set
ac_cv_env_build_alias_value=x86_64-unknown-linux-gnu
ac_cv_env_host_alias_set=set
ac_cv_env_host_alias_value=x86_64-unknown-linux-gnu
ac_cv_env_target_alias_set=set
ac_cv_env_target_alias_value=riscv32-rtems4.11
ac_cv_func_basename=yes
ac_cv_func_strerror=yes
ac_cv_func_strnlen=yes
ac_cv_func_strtol=yes
ac_cv_header_getopt_h=yes
ac_cv_header_inttypes_h=yes
ac_cv_header_libgen_h=yes
ac_cv_header_memory_h=yes
ac_cv_header_stdc=yes
ac_cv_header_stdint_h=yes
ac_cv_header_stdlib_h=yes
ac_cv_header_string_h=yes
ac_cv_header_strings_h=yes
ac_cv_header_sys_stat_h=yes
ac_cv_header_sys_types_h=yes
ac_cv_header_unistd_h=yes
ac_cv_host=x86_64-unknown-linux-gnu
ac_cv_objext=o
ac_cv_path_EGREP='/bin/grep -E'
ac_cv_path_GREP=/bin/grep
ac_cv_path_KSH=/bin/bash
ac_cv_path_install='/usr/bin/install -c'
ac_cv_path_mkdir=/bin/mkdir
ac_cv_prog_AWK=gawk
ac_cv_prog_CPP='gcc -E'
ac_cv_prog_MAKE=make
ac_cv_prog_ac_ct_CC=gcc
ac_cv_prog_cc_c89=
ac_cv_prog_cc_g=yes
ac_cv_prog_make_make_set=yes
am_cv_CC_dependencies_compiler_type=gcc3

## ----------------- ##
## Output variables. ##
## ----------------- ##

ACLOCAL='${SHELL} /home/hesham/Projects/seL4/seL4riscv-multikernel/apps/rtems/missing --run aclocal-1.12'
AMDEPBACKSLASH='\'
AMDEP_FALSE='#'
AMDEP_TRUE=''
AMTAR='$${TAR-tar}'
AUTOCONF='${SHELL} /home/hesham/Projects/seL4/seL4riscv-multikernel/apps/rtems/missing --run autoconf'
AUTOHEADER='${SHELL} /home/hesham/Projects/seL4/seL4riscv-multikernel/apps/rtems/missing --run autoheader'
AUTOMAKE='${SHELL} /home/hesham/Projects/seL4/seL4riscv-multikernel/apps/rtems/missing --run automake-1.12'
AWK='gawk'
CC='gcc'
CCDEPMODE='depmode=gcc3'
CFLAGS='-g -O2'
CPP='gcc -E'
CPPFLAGS=''
CYGPATH_W='echo'
DEFS='-DHAVE_CONFIG_H'
DEPDIR='.deps'
ECHO_C=''
ECHO_N='-n'
ECHO_T=''
EGREP='/bin/grep -E'
EXEEXT=''
GREP='/bin/grep'
INSTALL_DATA='${INSTALL} -m 644'
INSTALL_PROGRAM='${INSTALL}'
INSTALL_SCRIPT='${INSTALL}'
INSTALL_STRIP_PROGRAM='$(install_sh) -c -s'
KSH='/bin/bash'
LDFLAGS=''
LIBOBJS=''
LIBS=''
LTLIBOBJS=''
MAINT='#'
MAINTAINER_MODE_FALSE=''
MAINTAINER_MODE_TRUE='#'
MAKE='make'
MAKEINFO='${SHELL} /home/hesham/Projects/seL4/seL4riscv-multikernel/apps/rtems/missing --run makeinfo'
MKDIR_P='/bin/mkdir -p'
OBJEXT='o'
PACKAGE='rtems-tools-build'
PACKAGE_BUGREPORT='https://devel.rtems.org/newticket'
PACKAGE_NAME='rtems-tools-build'
PACKAGE_STRING='rtems-tools-build 4.11.99.0'
PACKAGE_TARNAME='rtems-tools-build'
PACKAGE_URL=''
PACKAGE_VERSION='4.11.99.0'
PATH_SEPARATOR=':'
PROJECT_ROOT='../../$(top_builddir)'
PROJECT_TOPdir='../../$(top_builddir)'
RTEMS_TOPdir='../..'
SET_MAKE=''
SHELL='/bin/bash'
STRIP=''
VERSION='4.11.99.0'
ac_ct_CC='gcc'
am__EXEEXT_FALSE=''
am__EXEEXT_TRUE='#'
am__fastdepCC_FALSE='#'
am__fastdepCC_TRUE=''
am__include='include'
am__isrc=' -I$(srcdir)'
am__leading_dot='.'
am__nodep='_no'
am__quote=''
am__tar='$${TAR-tar} chof - "$$tardir"'
am__untar='$${TAR-tar} xf -'
bindir='${exec_prefix}/bin'
build='x86_64-unknown-linux-gnu'
build_alias='x86_64-unknown-linux-gnu'
build_cpu='x86_64'
build_os='linux-gnu'
build_vendor='unknown'
datadir='${datarootdir}'
datarootdir='${prefix}/share'
docdir='${datarootdir}/doc/${PACKAGE_TARNAME}'
dvidir='${docdir}'
exec_prefix='${prefix}'
host='x86_64-unknown-linux-gnu'
host_alias='x86_64-unknown-linux-gnu'
host_cpu='x86_64'
host_os='linux-gnu'
host_vendor='unknown'
htmldir='${docdir}'
includedir='${prefix}/include'
infodir='${datarootdir}/info'
install_sh='${SHELL} /home/hesham/Projects/seL4/seL4riscv-multikernel/apps/rtems/install-sh'
libdir='${exec_prefix}/lib'
libexecdir='${exec_prefix}/libexec'
localedir='${datarootdir}/locale'
localstatedir='${prefix}/var'
mandir='${datarootdir}/man'
mkdir_p='$(MKDIR_P)'
oldincludedir='/usr/include'
pdfdir='${docdir}'
pkgdatadir='${datarootdir}/rtems4.12'
prefix='/opt/rtems-4.12'
program_transform_name='s,x,x,'
psdir='${docdir}'
sbindir='${exec_prefix}/sbin'
sharedstatedir='${prefix}/com'
sysconfdir='${prefix}/etc'
target_alias='riscv32-rtems4.11'

## ----------- ##
## confdefs.h. ##
## ----------- ##

/* confdefs.h */
#define PACKAGE_NAME "rtems-tools-build"
#define PACKAGE_TARNAME "rtems-tools-build"
#define PACKAGE_VERSION "4.11.99.0"
#define PACKAGE_STRING "rtems-tools-build 4.11.99.0"
#define PACKAGE_BUGREPORT "https://devel.rtems.org/newticket"
#define PACKAGE_URL ""
#define STDC_HEADERS 1
#define HAVE_SYS_TYPES_H 1
#define HAVE_SYS_STAT_H 1
#define HAVE_STDLIB_H 1
#define HAVE_STRING_H 1
#define HAVE_MEMORY_H 1
#define HAVE_STRINGS_H 1
#define HAVE_INTTYPES_H 1
#define HAVE_STDINT_H 1
#define HAVE_UNISTD_H 1
#define HAVE_GETOPT_H 1
#define HAVE_LIBGEN_H 1
#define HAVE_STRERROR 1
#define HAVE_STRTOL 1
#define HAVE_BASENAME 1
#define HAVE_STRNLEN 1

configure: exit 0
