This file contains any messages produced by compilers while
running configure, to aid debugging if configure makes a mistake.

It was created by rtems configure 4.11.99.0, which was
generated by GNU Autoconf 2.69.  Invocation command line was

  $ ../apps/rtems/configure --target=riscv32-rtems4.11 --disable-posix --disable-networking --disable-itron --enable-rtemsbsp=riscv_spike

## --------- ##
## Platform. ##
## --------- ##

hostname = hesham-laptop
uname -m = x86_64
uname -r = 3.16.0-38-generic
uname -s = Linux
uname -v = #52~14.04.1-Ubuntu SMP Fri May 8 09:43:57 UTC 2015

/usr/bin/uname -p = unknown
/bin/uname -X     = unknown

/bin/arch              = unknown
/usr/bin/arch -k       = unknown
/usr/convex/getsysinfo = unknown
/usr/bin/hostinfo      = unknown
/bin/machine           = unknown
/usr/bin/oslevel       = unknown
/bin/universe          = unknown

PATH: /home/hesham/install/bin/
PATH: /opt/or1k-elf/bin/
PATH: /opt/riscv/bin
PATH: /home/hesham/development/rtems/bin
PATH: /home/hesham/development/rtems/4.11/bin/
PATH: /opt/Xilinx/DocNav
PATH: /opt/Xilinx/Vivado_HLS/2014.4/bin
PATH: /opt/Xilinx/Vivado/2014.4/bin
PATH: /opt/Xilinx/14.7/ISE_DS/ISE/bin/lin64
PATH: /opt/Xilinx/14.7/ISE_DS/ISE/sysgen/util
PATH: /opt/Xilinx/14.7/ISE_DS/ISE/sysgen/bin
PATH: /opt/Xilinx/14.7/ISE_DS/ISE/../../../DocNav
PATH: /opt/Xilinx/14.7/ISE_DS/PlanAhead/bin
PATH: /opt/Xilinx/14.7/ISE_DS/EDK/bin/lin64
PATH: /opt/Xilinx/14.7/ISE_DS/EDK/gnu/microblaze/lin/bin
PATH: /opt/Xilinx/14.7/ISE_DS/EDK/gnu/powerpc-eabi/lin/bin
PATH: /opt/Xilinx/14.7/ISE_DS/EDK/gnu/arm/lin/bin
PATH: /opt/Xilinx/14.7/ISE_DS/EDK/gnu/microblaze/linux_toolchain/lin64_be/bin
PATH: /opt/Xilinx/14.7/ISE_DS/EDK/gnu/microblaze/linux_toolchain/lin64_le/bin
PATH: /opt/Xilinx/14.7/ISE_DS/common/bin/lin64
PATH: /home/hesham/bin
PATH: /usr/local/sbin
PATH: /usr/local/bin
PATH: /usr/sbin
PATH: /usr/bin
PATH: /sbin
PATH: /bin
PATH: /usr/games
PATH: /usr/local/games
PATH: /home/hesham/.local/opt/imgtec/Toolchains/mips-mti-elf/2015.01-7/bin
PATH: /home/hesham/.local/opt/imgtec/Simulators/qemu/2.2.0.2.1/bin
PATH: /home/hesham/.local/opt/imgtec/Toolchains/mips-mti-linux-gnu/2015.01-7/bin


## ----------- ##
## Core tests. ##
## ----------- ##

configure:1855: checking for gmake
configure:1885: result: no
configure:1855: checking for make
configure:1871: found /usr/bin/make
configure:1882: result: make
configure:1907: checking for RTEMS Version
configure:1909: result: 4.11.99.0
configure:1929: checking build system type
configure:1943: result: x86_64-unknown-linux-gnu
configure:1963: checking host system type
configure:1976: result: x86_64-unknown-linux-gnu
configure:1996: checking target system type
configure:2009: result: riscv32-unknown-rtems4.11
configure:2051: checking for a BSD-compatible install
configure:2119: result: /usr/bin/install -c
configure:2130: checking whether build environment is sane
configure:2185: result: yes
configure:2336: checking for a thread-safe mkdir -p
configure:2375: result: /bin/mkdir -p
configure:2382: checking for gawk
configure:2398: found /usr/bin/gawk
configure:2409: result: gawk
configure:2420: checking whether make sets $(MAKE)
configure:2442: result: yes
configure:2520: checking whether to enable maintainer-specific portions of Makefiles
configure:2529: result: no
configure:2965: checking that generated files are newer than configure
configure:2971: result: done
configure:3272: creating ./config.status
configure:4296: configuring in ./tools/build
configure:4383: running /bin/bash '../../../apps/rtems/tools/build/configure' '--prefix=/opt/rtems-4.12' '--host=x86_64-unknown-linux-gnu' '--build=x86_64-unknown-linux-gnu'  '--disable-posix' '--disable-networking' '--disable-itron' '--enable-rtemsbsp=riscv_spike' '--target=riscv32-rtems4.11'  '--cache-file=/dev/null' '--srcdir=../../../apps/rtems/tools/build'
configure:4296: configuring in ./tools/cpu
configure:4383: running /bin/bash '../../../apps/rtems/tools/cpu/configure' '--prefix=/opt/rtems-4.12' '--host=x86_64-unknown-linux-gnu' '--build=x86_64-unknown-linux-gnu'  '--disable-posix' '--disable-networking' '--disable-itron' '--enable-rtemsbsp=riscv_spike' '--target=riscv32-rtems4.11'  '--cache-file=/dev/null' '--srcdir=../../../apps/rtems/tools/cpu'
configure:4296: configuring in ./testsuites/tools
configure:4383: running /bin/bash '../../../apps/rtems/testsuites/tools/configure' '--prefix=/opt/rtems-4.12' '--host=x86_64-unknown-linux-gnu' '--build=x86_64-unknown-linux-gnu'  '--disable-posix' '--disable-networking' '--disable-itron' '--enable-rtemsbsp=riscv_spike' '--target=riscv32-rtems4.11'  '--cache-file=/dev/null' '--srcdir=../../../apps/rtems/testsuites/tools'
configure:4554: configuring in riscv32-rtems4.11/c
configure:4641: running /bin/bash '../../../apps/rtems/c/configure' '--prefix=/opt/rtems-4.12' '--host=riscv32-rtems4.11' '--build=x86_64-unknown-linux-gnu' '--target=riscv32-rtems4.11'  '--disable-posix' '--disable-networking' '--disable-itron' '--enable-rtemsbsp=riscv_spike' '--with-target-subdir=riscv32-rtems4.11' '--exec-prefix=/opt/rtems-4.12/riscv32-rtems4.11' '--includedir=/opt/rtems-4.12/riscv32-rtems4.11/include'  '--cache-file=/dev/null' '--srcdir=../../../apps/rtems/c'

## ---------------------- ##
## Running config.status. ##
## ---------------------- ##

This file was extended by rtems config.status 4.11.99.0, which was
generated by GNU Autoconf 2.69.  Invocation command line was

  CONFIG_FILES    = 
  CONFIG_HEADERS  = 
  CONFIG_LINKS    = 
  CONFIG_COMMANDS = 
  $ ./config.status 

on hesham-laptop

config.status:777: creating Makefile

## ---------------- ##
## Cache variables. ##
## ---------------- ##

ac_cv_build=x86_64-unknown-linux-gnu
ac_cv_env_build_alias_set=
ac_cv_env_build_alias_value=
ac_cv_env_host_alias_set=
ac_cv_env_host_alias_value=
ac_cv_env_target_alias_set=set
ac_cv_env_target_alias_value=riscv32-rtems4.11
ac_cv_host=x86_64-unknown-linux-gnu
ac_cv_path_install='/usr/bin/install -c'
ac_cv_path_mkdir=/bin/mkdir
ac_cv_prog_AWK=gawk
ac_cv_prog_MAKE=make
ac_cv_prog_make_make_set=yes
ac_cv_target=riscv32-unknown-rtems4.11

## ----------------- ##
## Output variables. ##
## ----------------- ##

ACLOCAL='${SHELL} /home/hesham/Projects/seL4/seL4riscv-multikernel/apps/rtems/missing --run aclocal-1.12'
AMTAR='$${TAR-tar}'
AUTOCONF='${SHELL} /home/hesham/Projects/seL4/seL4riscv-multikernel/apps/rtems/missing --run autoconf'
AUTOHEADER='${SHELL} /home/hesham/Projects/seL4/seL4riscv-multikernel/apps/rtems/missing --run autoheader'
AUTOMAKE='${SHELL} /home/hesham/Projects/seL4/seL4riscv-multikernel/apps/rtems/missing --run automake-1.12'
AWK='gawk'
CYGPATH_W='echo'
DEFS='-DPACKAGE_NAME=\"rtems\" -DPACKAGE_TARNAME=\"rtems\" -DPACKAGE_VERSION=\"4.11.99.0\" -DPACKAGE_STRING=\"rtems\ 4.11.99.0\" -DPACKAGE_BUGREPORT=\"https://devel.rtems.org/newticket\" -DPACKAGE_URL=\"\"'
ECHO_C=''
ECHO_N='-n'
ECHO_T=''
INSTALL_DATA='${INSTALL} -m 644'
INSTALL_PROGRAM='${INSTALL}'
INSTALL_SCRIPT='${INSTALL}'
INSTALL_STRIP_PROGRAM='$(install_sh) -c -s'
LIBOBJS=''
LIBS=''
LTLIBOBJS=''
MAINT='#'
MAINTAINER_MODE_FALSE=''
MAINTAINER_MODE_TRUE='#'
MAKE='make'
MAKEINFO='${SHELL} /home/hesham/Projects/seL4/seL4riscv-multikernel/apps/rtems/missing --run makeinfo'
MKDIR_P='/bin/mkdir -p'
MULTILIB_FALSE=''
MULTILIB_TRUE='#'
PACKAGE='rtems'
PACKAGE_BUGREPORT='https://devel.rtems.org/newticket'
PACKAGE_NAME='rtems'
PACKAGE_STRING='rtems 4.11.99.0'
PACKAGE_TARNAME='rtems'
PACKAGE_URL=''
PACKAGE_VERSION='4.11.99.0'
PATH_SEPARATOR=':'
PROJECT_ROOT='./$(top_builddir)'
PROJECT_TOPdir='./$(top_builddir)'
RTEMS_HAS_NETWORKING='no'
RTEMS_HAS_POSIX_API='no'
RTEMS_TOPdir='.'
SET_MAKE=''
SHELL='/bin/bash'
STRIP=''
VERSION='4.11.99.0'
am__isrc=' -I$(srcdir)'
am__leading_dot='.'
am__tar='$${TAR-tar} chof - "$$tardir"'
am__untar='$${TAR-tar} xf -'
bindir='${exec_prefix}/bin'
build='x86_64-unknown-linux-gnu'
build_SUBDIRS=' tools/build tools/cpu testsuites/tools'
build_alias=''
build_configdirs=' tools/build tools/cpu testsuites/tools'
build_cpu='x86_64'
build_os='linux-gnu'
build_subdir='.'
build_vendor='unknown'
buildargs=''\''--host=x86_64-unknown-linux-gnu'\'' '\''--build=x86_64-unknown-linux-gnu'\''  '\''--disable-posix'\'' '\''--disable-networking'\'' '\''--disable-itron'\'' '\''--enable-rtemsbsp=riscv_spike'\'' '\''--target=riscv32-rtems4.11'\'''
datadir='${datarootdir}'
datarootdir='${prefix}/share'
docdir='${datarootdir}/doc/${PACKAGE_TARNAME}'
dvidir='${docdir}'
exec_prefix='${prefix}'
host='x86_64-unknown-linux-gnu'
host_SUBDIRS=''
host_alias=''
host_configdirs=''
host_cpu='x86_64'
host_os='linux-gnu'
host_subdir=''
host_vendor='unknown'
hostargs=''\''--host=x86_64-unknown-linux-gnu'\'' '\''--build=x86_64-unknown-linux-gnu'\'' '\''--target=riscv32-rtems4.11'\''  '\''--disable-posix'\'' '\''--disable-networking'\'' '\''--disable-itron'\'' '\''--enable-rtemsbsp=riscv_spike'\'''
htmldir='${docdir}'
includedir='${prefix}/include'
infodir='${datarootdir}/info'
install_sh='${SHELL} /home/hesham/Projects/seL4/seL4riscv-multikernel/apps/rtems/install-sh'
libdir='${exec_prefix}/lib'
libexecdir='${exec_prefix}/libexec'
localedir='${datarootdir}/locale'
localstatedir='${prefix}/var'
mandir='${datarootdir}/man'
mkdir_p='$(MKDIR_P)'
oldincludedir='/usr/include'
pdfdir='${docdir}'
pkgdatadir='${datarootdir}/rtems4.12'
prefix='/opt/rtems-4.12'
program_transform_name='s&^&riscv32-rtems4.11-&'
psdir='${docdir}'
sbindir='${exec_prefix}/sbin'
sharedstatedir='${prefix}/com'
sysconfdir='${prefix}/etc'
target='riscv32-unknown-rtems4.11'
target_SUBDIRS=' riscv32-rtems4.11/c'
target_alias='riscv32-rtems4.11'
target_configdirs=' c'
target_cpu='riscv32'
target_os='rtems4.11'
target_subdir='riscv32-rtems4.11'
target_vendor='unknown'
targetargs=''\''--host=riscv32-rtems4.11'\'' '\''--build=x86_64-unknown-linux-gnu'\'' '\''--target=riscv32-rtems4.11'\''  '\''--disable-posix'\'' '\''--disable-networking'\'' '\''--disable-itron'\'' '\''--enable-rtemsbsp=riscv_spike'\'''

## ----------- ##
## confdefs.h. ##
## ----------- ##

/* confdefs.h */
#define PACKAGE_NAME "rtems"
#define PACKAGE_TARNAME "rtems"
#define PACKAGE_VERSION "4.11.99.0"
#define PACKAGE_STRING "rtems 4.11.99.0"
#define PACKAGE_BUGREPORT "https://devel.rtems.org/newticket"
#define PACKAGE_URL ""

configure: exit 0
